<?xml version="1.0" encoding="UTF-8"?>
<!-- Generated by org.testng.reporters.JUnitXMLReporter -->
<testsuite hostname="user-PC" ignored="0" name="TCS SIMS" tests="2" failures="0" timestamp="29 Jul 2018 11:31:57 GMT" time="336.909" errors="0">
  <testcase name="financialReport" time="50.938" classname="com.tcs.sims.testcases.FinancialReportTest">
    <skipped/>
  </testcase> <!-- financialReport -->
  <testcase name="financialReport" time="194.744" classname="com.tcs.sims.testcases.FinancialReportTest"/>
</testsuite> <!-- TCS SIMS -->
