<?xml version="1.0" encoding="UTF-8"?>
<testng-results skipped="1" failed="0" ignored="0" total="2" passed="1">
  <reporter-output>
  </reporter-output>
  <suite name="TCS SIMS" duration-ms="336909" started-at="2018-07-29T11:26:20Z" finished-at="2018-07-29T11:31:56Z">
    <groups>
    </groups>
    <test name="TCS SIMS" duration-ms="336909" started-at="2018-07-29T11:26:20Z" finished-at="2018-07-29T11:31:56Z">
      <class name="com.tcs.sims.testcases.FinancialReportTest">
        <test-method status="PASS" signature="setUp(java.lang.String)[pri:0, instance:com.tcs.sims.testcases.FinancialReportTest@149dace]" name="setUp" is-config="true" duration-ms="61930" started-at="2018-07-29T16:56:21Z" finished-at="2018-07-29T16:57:23Z">
          <params>
            <param index="0">
              <value>
                <![CDATA[FireFox]]>
              </value>
            </param>
          </params>
          <reporter-output>
          </reporter-output>
        </test-method> <!-- setUp -->
        <test-method status="SKIP" signature="financialReport(java.lang.String, java.lang.String, java.lang.String, java.lang.String)[pri:1, instance:com.tcs.sims.testcases.FinancialReportTest@149dace]" name="financialReport" duration-ms="50938" started-at="2018-07-29T16:57:23Z" data-provider="getTestDataa" finished-at="2018-07-29T16:58:14Z">
          <params>
            <param index="0">
              <value>
                <![CDATA[admin.tcssupport@greatlakes.com]]>
              </value>
            </param>
            <param index="1">
              <value>
                <![CDATA[beachb@tch]]>
              </value>
            </param>
            <param index="2">
              <value>
                <![CDATA[prashanth.machika@tcs.com]]>
              </value>
            </param>
            <param index="3">
              <value>
                <![CDATA[Jul@2018]]>
              </value>
            </param>
          </params>
          <exception class="java.lang.AbstractMethodError">
            <message>
              <![CDATA[com.tcs.sims.util.WebEventListener.beforeGetScreenshotAs(Lorg/openqa/selenium/OutputType;)V]]>
            </message>
            <full-stacktrace>
              <![CDATA[java.lang.AbstractMethodError: com.tcs.sims.util.WebEventListener.beforeGetScreenshotAs(Lorg/openqa/selenium/OutputType;)V
	at sun.reflect.NativeMethodAccessorImpl.invoke0(Native Method)
	at sun.reflect.NativeMethodAccessorImpl.invoke(NativeMethodAccessorImpl.java:62)
	at sun.reflect.DelegatingMethodAccessorImpl.invoke(DelegatingMethodAccessorImpl.java:43)
	at java.lang.reflect.Method.invoke(Method.java:498)
	at org.openqa.selenium.support.events.EventFiringWebDriver.lambda$new$0(EventFiringWebDriver.java:82)
	at com.sun.proxy.$Proxy7.beforeGetScreenshotAs(Unknown Source)
	at org.openqa.selenium.support.events.EventFiringWebDriver.getScreenshotAs(EventFiringWebDriver.java:285)
	at com.tcs.sims.util.TestUtil.takeScreenshotAtEndOfTest(TestUtil.java:66)
	at com.tcs.sims.util.WebEventListener.onException(WebEventListener.java:64)
	at sun.reflect.NativeMethodAccessorImpl.invoke0(Native Method)
	at sun.reflect.NativeMethodAccessorImpl.invoke(NativeMethodAccessorImpl.java:62)
	at sun.reflect.DelegatingMethodAccessorImpl.invoke(DelegatingMethodAccessorImpl.java:43)
	at java.lang.reflect.Method.invoke(Method.java:498)
	at org.openqa.selenium.support.events.EventFiringWebDriver.lambda$new$0(EventFiringWebDriver.java:82)
	at com.sun.proxy.$Proxy7.onException(Unknown Source)
	at org.openqa.selenium.support.events.EventFiringWebDriver.lambda$new$1(EventFiringWebDriver.java:105)
	at com.sun.proxy.$Proxy8.findElement(Unknown Source)
	at org.openqa.selenium.support.events.EventFiringWebDriver.findElement(EventFiringWebDriver.java:186)
	at org.openqa.selenium.support.pagefactory.DefaultElementLocator.findElement(DefaultElementLocator.java:69)
	at org.openqa.selenium.support.pagefactory.internal.LocatingElementHandler.invoke(LocatingElementHandler.java:38)
	at com.sun.proxy.$Proxy12.sendKeys(Unknown Source)
	at com.tcs.sims.pages.LoginPage.login(LoginPage.java:91)
	at com.tcs.sims.testcases.FinancialReportTest.financialReport(FinancialReportTest.java:54)
	at sun.reflect.NativeMethodAccessorImpl.invoke0(Native Method)
	at sun.reflect.NativeMethodAccessorImpl.invoke(NativeMethodAccessorImpl.java:62)
	at sun.reflect.DelegatingMethodAccessorImpl.invoke(DelegatingMethodAccessorImpl.java:43)
	at java.lang.reflect.Method.invoke(Method.java:498)
	at org.testng.internal.MethodInvocationHelper.invokeMethod(MethodInvocationHelper.java:108)
	at org.testng.internal.Invoker.invokeMethod(Invoker.java:661)
	at org.testng.internal.Invoker.invokeTestMethod(Invoker.java:869)
	at org.testng.internal.Invoker.invokeTestMethods(Invoker.java:1193)
	at org.testng.internal.TestMethodWorker.invokeTestMethods(TestMethodWorker.java:126)
	at org.testng.internal.TestMethodWorker.run(TestMethodWorker.java:109)
	at org.testng.TestRunner.privateRun(TestRunner.java:744)
	at org.testng.TestRunner.run(TestRunner.java:602)
	at org.testng.SuiteRunner.runTest(SuiteRunner.java:380)
	at org.testng.SuiteRunner.access$000(SuiteRunner.java:39)
	at org.testng.SuiteRunner$SuiteWorker.run(SuiteRunner.java:414)
	at org.testng.internal.thread.ThreadUtil$1.call(ThreadUtil.java:52)
	at java.util.concurrent.FutureTask.run(FutureTask.java:266)
	at java.util.concurrent.ThreadPoolExecutor.runWorker(ThreadPoolExecutor.java:1142)
	at java.util.concurrent.ThreadPoolExecutor$Worker.run(ThreadPoolExecutor.java:617)
	at java.lang.Thread.run(Thread.java:748)
]]>
            </full-stacktrace>
          </exception> <!-- java.lang.AbstractMethodError -->
          <reporter-output>
          </reporter-output>
        </test-method> <!-- financialReport -->
        <test-method status="PASS" signature="setUp(java.lang.String)[pri:0, instance:com.tcs.sims.testcases.FinancialReportTest@149dace]" name="setUp" is-config="true" duration-ms="28049" started-at="2018-07-29T16:58:14Z" finished-at="2018-07-29T16:58:42Z">
          <params>
            <param index="0">
              <value>
                <![CDATA[FireFox]]>
              </value>
            </param>
          </params>
          <reporter-output>
          </reporter-output>
        </test-method> <!-- setUp -->
        <test-method status="PASS" signature="financialReport(java.lang.String, java.lang.String, java.lang.String, java.lang.String)[pri:1, instance:com.tcs.sims.testcases.FinancialReportTest@149dace]" name="financialReport" duration-ms="194744" started-at="2018-07-29T16:58:42Z" data-provider="getTestDataa" finished-at="2018-07-29T17:01:56Z">
          <params>
            <param index="0">
              <value>
                <![CDATA[admin.tcssupport@greatlakes.com]]>
              </value>
            </param>
            <param index="1">
              <value>
                <![CDATA[beachb@tch]]>
              </value>
            </param>
            <param index="2">
              <value>
                <![CDATA[prashanth.machika@tcs.com]]>
              </value>
            </param>
            <param index="3">
              <value>
                <![CDATA[Jul@2018]]>
              </value>
            </param>
          </params>
          <reporter-output>
          </reporter-output>
        </test-method> <!-- financialReport -->
      </class> <!-- com.tcs.sims.testcases.FinancialReportTest -->
    </test> <!-- TCS SIMS -->
  </suite> <!-- TCS SIMS -->
</testng-results>
